This file contains any messages produced by compilers while
running configure, to aid debugging if configure makes a mistake.

It was created by configure, which was
generated by GNU Autoconf 2.67.  Invocation command line was

  $ ./configure --with-xercesc=/opt/borealis-tools/xercesc --with-antlr=/opt/borealis-tools/antlr --with-bdb=/opt/borealis-tools/db --with-ocv= --with-gsl=/opt/borealis-tools/gsl --with-nmstl=/opt/borealis-tools/nmstl --with-borealis=/home/jj/Workspace/borealis_summer_2008/borealis/src

## --------- ##
## Platform. ##
## --------- ##

hostname = hellojinjie
uname -m = i686
uname -r = 2.6.38-8-generic
uname -s = Linux
uname -v = #42-Ubuntu SMP Mon Apr 11 03:31:50 UTC 2011

/usr/bin/uname -p = unknown
/bin/uname -X     = unknown

/bin/arch              = unknown
/usr/bin/arch -k       = unknown
/usr/convex/getsysinfo = unknown
/usr/bin/hostinfo      = unknown
/bin/machine           = unknown
/usr/bin/oslevel       = unknown
/bin/universe          = unknown

PATH: /home/jj/Workspace/borealis_summer_2008/borealis/tool/head
PATH: /home/jj/Workspace/borealis_summer_2008/borealis/tool/marshal
PATH: /opt/borealis-tools/nmstl/bin
PATH: /opt/borealis-tools/gsl/bin
PATH: /opt/borealis-tools/antlr/bin
PATH: /opt/borealis-tools/glpk/bin
PATH: /opt/borealis-tools/gcc/bin
PATH: /opt/borealis-tools/db/bin
PATH: /opt/borealis-tools/ccache/bin
PATH: /opt/borealis-tools/antlr/bin
PATH: /home/jj/bin
PATH: /usr/local/sbin
PATH: /usr/local/bin
PATH: /usr/sbin
PATH: /usr/bin
PATH: /sbin
PATH: /bin
PATH: /usr/games


## ----------- ##
## Core tests. ##
## ----------- ##

configure:2522: checking for a BSD-compatible install
configure:2590: result: /usr/bin/install -c
configure:2601: checking whether build environment is sane
configure:2651: result: yes
configure:2792: checking for a thread-safe mkdir -p
configure:2831: result: /bin/mkdir -p
configure:2844: checking for gawk
configure:2860: found /usr/bin/gawk
configure:2871: result: gawk
configure:2882: checking whether make sets $(MAKE)
configure:2904: result: yes
configure:3033: checking for gcc
configure:3049: found /opt/borealis-tools/gcc/bin/gcc
configure:3060: result: gcc
configure:3289: checking for C compiler version
configure:3298: gcc --version >&5
gcc (GCC) 4.1.1
Copyright (C) 2006 Free Software Foundation, Inc.
This is free software; see the source for copying conditions.  There is NO
warranty; not even for MERCHANTABILITY or FITNESS FOR A PARTICULAR PURPOSE.

configure:3309: $? = 0
configure:3298: gcc -v >&5
Using built-in specs.
Target: i686-pc-linux-gnu
Configured with: ../gcc-4.1.1/configure --program-prefix=4.1.1 --prefix=/opt/borealis-tools/gcc --enable-languages=c,c++ : (reconfigured) ../gcc-4.1.1/configure --prefix=/opt/borealis-tools/gcc --enable-languages=c,c++
Thread model: posix
gcc version 4.1.1
configure:3309: $? = 0
configure:3298: gcc -V >&5
gcc: '-V' option must have argument
configure:3309: $? = 1
configure:3298: gcc -qversion >&5
gcc: unrecognized option '-qversion'
gcc: no input files
configure:3309: $? = 1
configure:3329: checking whether the C compiler works
configure:3351: gcc    conftest.c  >&5
configure:3355: $? = 0
configure:3403: result: yes
configure:3406: checking for C compiler default output file name
configure:3408: result: a.out
configure:3414: checking for suffix of executables
configure:3421: gcc -o conftest    conftest.c  >&5
configure:3425: $? = 0
configure:3447: result: 
configure:3469: checking whether we are cross compiling
configure:3477: gcc -o conftest    conftest.c  >&5
configure:3481: $? = 0
configure:3488: ./conftest
configure:3492: $? = 0
configure:3507: result: no
configure:3512: checking for suffix of object files
configure:3534: gcc -c   conftest.c >&5
configure:3538: $? = 0
configure:3559: result: o
configure:3563: checking whether we are using the GNU C compiler
configure:3582: gcc -c   conftest.c >&5
configure:3582: $? = 0
configure:3591: result: yes
configure:3600: checking whether gcc accepts -g
configure:3620: gcc -c -g  conftest.c >&5
configure:3620: $? = 0
configure:3661: result: yes
configure:3678: checking for gcc option to accept ISO C89
configure:3742: gcc  -c -g -O2  conftest.c >&5
configure:3742: $? = 0
configure:3755: result: none needed
configure:3786: checking for style of include used by make
configure:3814: result: GNU
configure:3839: checking dependency style of gcc
configure:3949: result: gcc3
configure:4022: checking for g++
configure:4038: found /opt/borealis-tools/gcc/bin/g++
configure:4049: result: g++
configure:4076: checking for C++ compiler version
configure:4085: g++ --version >&5
g++ (GCC) 4.1.1
Copyright (C) 2006 Free Software Foundation, Inc.
This is free software; see the source for copying conditions.  There is NO
warranty; not even for MERCHANTABILITY or FITNESS FOR A PARTICULAR PURPOSE.

configure:4096: $? = 0
configure:4085: g++ -v >&5
Using built-in specs.
Target: i686-pc-linux-gnu
Configured with: ../gcc-4.1.1/configure --program-prefix=4.1.1 --prefix=/opt/borealis-tools/gcc --enable-languages=c,c++ : (reconfigured) ../gcc-4.1.1/configure --prefix=/opt/borealis-tools/gcc --enable-languages=c,c++
Thread model: posix
gcc version 4.1.1
configure:4096: $? = 0
configure:4085: g++ -V >&5
g++: '-V' option must have argument
configure:4096: $? = 1
configure:4085: g++ -qversion >&5
g++: unrecognized option '-qversion'
g++: no input files
configure:4096: $? = 1
configure:4100: checking whether we are using the GNU C++ compiler
configure:4119: g++ -c   conftest.cpp >&5
configure:4119: $? = 0
configure:4128: result: yes
configure:4137: checking whether g++ accepts -g
configure:4157: g++ -c -g  conftest.cpp >&5
configure:4157: $? = 0
configure:4198: result: yes
configure:4223: checking dependency style of g++
configure:4333: result: gcc3
configure:4353: checking whether ln -s works
configure:4357: result: yes
configure:4394: checking build system type
configure:4408: result: i686-pc-linux-gnu
configure:4428: checking host system type
configure:4441: result: i686-pc-linux-gnu
configure:4461: checking for a sed that does not truncate output
configure:4525: result: /bin/sed
configure:4543: checking for grep that handles long lines and -e
configure:4601: result: /bin/grep
configure:4606: checking for egrep
configure:4668: result: /bin/grep -E
configure:4673: checking for fgrep
configure:4735: result: /bin/grep -F
configure:4770: checking for ld used by gcc
configure:4837: result: /usr/bin/ld
configure:4844: checking if the linker (/usr/bin/ld) is GNU ld
configure:4859: result: yes
configure:4871: checking for BSD- or MS-compatible name lister (nm)
configure:4920: result: /usr/bin/nm -B
configure:5038: checking the name lister (/usr/bin/nm -B) interface
configure:5045: gcc -c -g -Wall -Werror  conftest.c >&5
configure:5048: /usr/bin/nm -B "conftest.o"
configure:5051: output
00000000 B some_variable
configure:5058: result: BSD nm
configure:5062: checking the maximum length of command line arguments
configure:5182: result: 1572864
configure:5199: checking whether the shell understands some XSI constructs
configure:5209: result: yes
configure:5213: checking whether the shell understands "+="
configure:5219: result: yes
configure:5254: checking for /usr/bin/ld option to reload object files
configure:5261: result: -r
configure:5330: checking for objdump
configure:5346: found /usr/bin/objdump
configure:5357: result: objdump
configure:5389: checking how to recognize dependent libraries
configure:5585: result: pass_all
configure:5645: checking for ar
configure:5661: found /usr/bin/ar
configure:5672: result: ar
configure:5750: checking for strip
configure:5766: found /usr/bin/strip
configure:5777: result: strip
configure:5849: checking for ranlib
configure:5865: found /usr/bin/ranlib
configure:5876: result: ranlib
configure:5966: checking command to parse /usr/bin/nm -B output from gcc object
configure:6084: gcc -c -g -Wall -Werror  conftest.c >&5
configure:6087: $? = 0
configure:6091: /usr/bin/nm -B conftest.o \| sed -n -e 's/^.*[	 ]\([ABCDGIRSTW][ABCDGIRSTW]*\)[	 ][	 ]*\([_A-Za-z][_A-Za-z0-9]*\)$/\1 \2 \2/p' \> conftest.nm
configure:6094: $? = 0
configure:6148: gcc -o conftest -g -Wall -Werror   conftest.c conftstm.o >&5
configure:6151: $? = 0
configure:6189: result: ok
configure:6998: checking how to run the C preprocessor
configure:7029: gcc -E  conftest.c
configure:7029: $? = 0
configure:7043: gcc -E  conftest.c
conftest.c:11:28: error: ac_nonexistent.h: No such file or directory
configure:7043: $? = 1
configure: failed program was:
| /* confdefs.h */
| #define PACKAGE_NAME ""
| #define PACKAGE_TARNAME ""
| #define PACKAGE_VERSION ""
| #define PACKAGE_STRING ""
| #define PACKAGE_BUGREPORT ""
| #define PACKAGE_URL ""
| #define PACKAGE "test"
| #define VERSION "0.1"
| /* end confdefs.h.  */
| #include <ac_nonexistent.h>
configure:7068: result: gcc -E
configure:7088: gcc -E  conftest.c
configure:7088: $? = 0
configure:7102: gcc -E  conftest.c
conftest.c:11:28: error: ac_nonexistent.h: No such file or directory
configure:7102: $? = 1
configure: failed program was:
| /* confdefs.h */
| #define PACKAGE_NAME ""
| #define PACKAGE_TARNAME ""
| #define PACKAGE_VERSION ""
| #define PACKAGE_STRING ""
| #define PACKAGE_BUGREPORT ""
| #define PACKAGE_URL ""
| #define PACKAGE "test"
| #define VERSION "0.1"
| /* end confdefs.h.  */
| #include <ac_nonexistent.h>
configure:7131: checking for ANSI C header files
configure:7151: gcc -c -g -Wall -Werror  conftest.c >&5
configure:7151: $? = 0
configure:7224: gcc -o conftest -g -Wall -Werror   conftest.c  >&5
configure:7224: $? = 0
configure:7224: ./conftest
configure:7224: $? = 0
configure:7235: result: yes
configure:7248: checking for sys/types.h
configure:7248: gcc -c -g -Wall -Werror  conftest.c >&5
configure:7248: $? = 0
configure:7248: result: yes
configure:7248: checking for sys/stat.h
configure:7248: gcc -c -g -Wall -Werror  conftest.c >&5
configure:7248: $? = 0
configure:7248: result: yes
configure:7248: checking for stdlib.h
configure:7248: gcc -c -g -Wall -Werror  conftest.c >&5
configure:7248: $? = 0
configure:7248: result: yes
configure:7248: checking for string.h
configure:7248: gcc -c -g -Wall -Werror  conftest.c >&5
configure:7248: $? = 0
configure:7248: result: yes
configure:7248: checking for memory.h
configure:7248: gcc -c -g -Wall -Werror  conftest.c >&5
configure:7248: $? = 0
configure:7248: result: yes
configure:7248: checking for strings.h
configure:7248: gcc -c -g -Wall -Werror  conftest.c >&5
configure:7248: $? = 0
configure:7248: result: yes
configure:7248: checking for inttypes.h
configure:7248: gcc -c -g -Wall -Werror  conftest.c >&5
configure:7248: $? = 0
configure:7248: result: yes
configure:7248: checking for stdint.h
configure:7248: gcc -c -g -Wall -Werror  conftest.c >&5
configure:7248: $? = 0
configure:7248: result: yes
configure:7248: checking for unistd.h
configure:7248: gcc -c -g -Wall -Werror  conftest.c >&5
configure:7248: $? = 0
configure:7248: result: yes
configure:7262: checking for dlfcn.h
configure:7262: gcc -c -g -Wall -Werror  conftest.c >&5
configure:7262: $? = 0
configure:7262: result: yes
configure:7387: checking for C++ compiler version
configure:7396: g++ --version >&5
g++ (GCC) 4.1.1
Copyright (C) 2006 Free Software Foundation, Inc.
This is free software; see the source for copying conditions.  There is NO
warranty; not even for MERCHANTABILITY or FITNESS FOR A PARTICULAR PURPOSE.

configure:7407: $? = 0
configure:7396: g++ -v >&5
Using built-in specs.
Target: i686-pc-linux-gnu
Configured with: ../gcc-4.1.1/configure --program-prefix=4.1.1 --prefix=/opt/borealis-tools/gcc --enable-languages=c,c++ : (reconfigured) ../gcc-4.1.1/configure --prefix=/opt/borealis-tools/gcc --enable-languages=c,c++
Thread model: posix
gcc version 4.1.1
configure:7407: $? = 0
configure:7396: g++ -V >&5
g++: '-V' option must have argument
configure:7407: $? = 1
configure:7396: g++ -qversion >&5
g++: unrecognized option '-qversion'
g++: no input files
configure:7407: $? = 1
configure:7411: checking whether we are using the GNU C++ compiler
configure:7439: result: yes
configure:7448: checking whether g++ accepts -g
configure:7509: result: yes
configure:7534: checking dependency style of g++
configure:7644: result: gcc3
configure:7667: checking how to run the C++ preprocessor
configure:7694: g++ -E  conftest.cpp
configure:7694: $? = 0
configure:7708: g++ -E  conftest.cpp
conftest.cpp:22:28: error: ac_nonexistent.h: No such file or directory
configure:7708: $? = 1
configure: failed program was:
| /* confdefs.h */
| #define PACKAGE_NAME ""
| #define PACKAGE_TARNAME ""
| #define PACKAGE_VERSION ""
| #define PACKAGE_STRING ""
| #define PACKAGE_BUGREPORT ""
| #define PACKAGE_URL ""
| #define PACKAGE "test"
| #define VERSION "0.1"
| #define STDC_HEADERS 1
| #define HAVE_SYS_TYPES_H 1
| #define HAVE_SYS_STAT_H 1
| #define HAVE_STDLIB_H 1
| #define HAVE_STRING_H 1
| #define HAVE_MEMORY_H 1
| #define HAVE_STRINGS_H 1
| #define HAVE_INTTYPES_H 1
| #define HAVE_STDINT_H 1
| #define HAVE_UNISTD_H 1
| #define HAVE_DLFCN_H 1
| /* end confdefs.h.  */
| #include <ac_nonexistent.h>
configure:7733: result: g++ -E
configure:7753: g++ -E  conftest.cpp
configure:7753: $? = 0
configure:7767: g++ -E  conftest.cpp
conftest.cpp:22:28: error: ac_nonexistent.h: No such file or directory
configure:7767: $? = 1
configure: failed program was:
| /* confdefs.h */
| #define PACKAGE_NAME ""
| #define PACKAGE_TARNAME ""
| #define PACKAGE_VERSION ""
| #define PACKAGE_STRING ""
| #define PACKAGE_BUGREPORT ""
| #define PACKAGE_URL ""
| #define PACKAGE "test"
| #define VERSION "0.1"
| #define STDC_HEADERS 1
| #define HAVE_SYS_TYPES_H 1
| #define HAVE_SYS_STAT_H 1
| #define HAVE_STDLIB_H 1
| #define HAVE_STRING_H 1
| #define HAVE_MEMORY_H 1
| #define HAVE_STRINGS_H 1
| #define HAVE_INTTYPES_H 1
| #define HAVE_STDINT_H 1
| #define HAVE_UNISTD_H 1
| #define HAVE_DLFCN_H 1
| /* end confdefs.h.  */
| #include <ac_nonexistent.h>
configure:7973: checking for objdir
configure:7988: result: .libs
configure:8280: checking if gcc supports -fno-rtti -fno-exceptions
configure:8298: gcc -c -g -Wall -Werror  -fno-rtti -fno-exceptions conftest.c >&5
cc1: warnings being treated as errors
cc1: warning: command line option "-fno-rtti" is valid for C++/ObjC++ but not for C
configure:8302: $? = 1
configure:8315: result: no
configure:8335: checking for gcc option to produce PIC
configure:8607: result: -fPIC -DPIC
configure:8619: checking if gcc PIC flag -fPIC -DPIC works
configure:8637: gcc -c -g -Wall -Werror  -fPIC -DPIC -DPIC conftest.c >&5
configure:8641: $? = 0
configure:8654: result: yes
configure:8678: checking if gcc static flag -static works
configure:8706: result: yes
configure:8721: checking if gcc supports -c -o file.o
configure:8742: gcc -c -g -Wall -Werror  -o out/conftest2.o conftest.c >&5
configure:8746: $? = 0
configure:8768: result: yes
configure:8776: checking if gcc supports -c -o file.o
configure:8823: result: yes
configure:8856: checking whether the gcc linker (/usr/bin/ld) supports shared libraries
configure:9847: result: yes
configure:9884: checking whether -lc should be explicitly linked in
configure:9889: gcc -c -g -Wall -Werror  conftest.c >&5
configure:9892: $? = 0
configure:9907: gcc -shared conftest.o  -v -Wl,-soname -Wl,conftest -o conftest 2\>\&1 \| /bin/grep  -lc  \>/dev/null 2\>\&1
configure:9910: $? = 0
configure:9922: result: no
configure:10086: checking dynamic linker characteristics
configure:10519: gcc -o conftest -g -Wall -Werror   -Wl,-rpath -Wl,/foo conftest.c  >&5
configure:10519: $? = 0
configure:10749: result: GNU/Linux ld.so
configure:10851: checking how to hardcode library paths into programs
configure:10876: result: immediate
configure:11396: checking whether stripping libraries is possible
configure:11401: result: yes
configure:11436: checking if libtool supports shared libraries
configure:11438: result: yes
configure:11441: checking whether to build shared libraries
configure:11462: result: yes
configure:11465: checking whether to build static libraries
configure:11469: result: yes
configure:11619: checking for ld used by g++
configure:11686: result: /usr/bin/ld
configure:11693: checking if the linker (/usr/bin/ld) is GNU ld
configure:11708: result: yes
configure:11763: checking whether the g++ linker (/usr/bin/ld) supports shared libraries
configure:12676: result: yes
configure:12704: g++ -c -g -Wall -Werror  conftest.cpp >&5
configure:12707: $? = 0
configure:12889: checking for g++ option to produce PIC
configure:13206: result: -fPIC -DPIC
configure:13215: checking if g++ PIC flag -fPIC -DPIC works
configure:13233: g++ -c -g -Wall -Werror  -fPIC -DPIC -DPIC conftest.cpp >&5
configure:13237: $? = 0
configure:13250: result: yes
configure:13271: checking if g++ static flag -static works
configure:13299: result: yes
configure:13311: checking if g++ supports -c -o file.o
configure:13332: g++ -c -g -Wall -Werror  -o out/conftest2.o conftest.cpp >&5
configure:13336: $? = 0
configure:13358: result: yes
configure:13363: checking if g++ supports -c -o file.o
configure:13410: result: yes
configure:13440: checking whether the g++ linker (/usr/bin/ld) supports shared libraries
configure:13469: result: yes
configure:13606: checking dynamic linker characteristics
configure:13987: g++ -o conftest -g -Wall -Werror   -Wl,-rpath -Wl,/foo conftest.cpp  >&5
configure:13987: $? = 0
configure:14217: result: GNU/Linux ld.so
configure:14268: checking how to hardcode library paths into programs
configure:14293: result: immediate
configure:14356: checking for ANSI C header files
configure:14460: result: yes
configure:14468: checking for sys/wait.h that is POSIX.1 compatible
configure:14494: gcc -c -g -Wall -Werror  conftest.c >&5
configure:14494: $? = 0
configure:14501: result: yes
configure:14512: checking fcntl.h usability
configure:14512: gcc -c -g -Wall -Werror  conftest.c >&5
configure:14512: $? = 0
configure:14512: result: yes
configure:14512: checking fcntl.h presence
configure:14512: gcc -E  conftest.c
configure:14512: $? = 0
configure:14512: result: yes
configure:14512: checking for fcntl.h
configure:14512: result: yes
configure:14512: checking for unistd.h
configure:14512: result: yes
configure:14523: checking for an ANSI C-conforming const
configure:14588: gcc -c -g -Wall -Werror  conftest.c >&5
configure:14588: $? = 0
configure:14595: result: yes
configure:14606: checking for strstr
configure:14606: gcc -o conftest -g -Wall -Werror   conftest.c  >&5
cc1: warnings being treated as errors
conftest.c:50: warning: conflicting types for built-in function 'strstr'
configure:14606: $? = 1
configure: failed program was:
| /* confdefs.h */
| #define PACKAGE_NAME ""
| #define PACKAGE_TARNAME ""
| #define PACKAGE_VERSION ""
| #define PACKAGE_STRING ""
| #define PACKAGE_BUGREPORT ""
| #define PACKAGE_URL ""
| #define PACKAGE "test"
| #define VERSION "0.1"
| #define STDC_HEADERS 1
| #define HAVE_SYS_TYPES_H 1
| #define HAVE_SYS_STAT_H 1
| #define HAVE_STDLIB_H 1
| #define HAVE_STRING_H 1
| #define HAVE_MEMORY_H 1
| #define HAVE_STRINGS_H 1
| #define HAVE_INTTYPES_H 1
| #define HAVE_STDINT_H 1
| #define HAVE_UNISTD_H 1
| #define HAVE_DLFCN_H 1
| #define LT_OBJDIR ".libs/"
| #define STDC_HEADERS 1
| #define HAVE_SYS_WAIT_H 1
| #define HAVE_FCNTL_H 1
| #define HAVE_UNISTD_H 1
| /* end confdefs.h.  */
| /* Define strstr to an innocuous variant, in case <limits.h> declares strstr.
|    For example, HP-UX 11i <limits.h> declares gettimeofday.  */
| #define strstr innocuous_strstr
| 
| /* System header to define __stub macros and hopefully few prototypes,
|     which can conflict with char strstr (); below.
|     Prefer <limits.h> to <assert.h> if __STDC__ is defined, since
|     <limits.h> exists even on freestanding compilers.  */
| 
| #ifdef __STDC__
| # include <limits.h>
| #else
| # include <assert.h>
| #endif
| 
| #undef strstr
| 
| /* Override any GCC internal prototype to avoid an error.
|    Use char because int might match the return type of a GCC
|    builtin and then its argument prototype would still apply.  */
| #ifdef __cplusplus
| extern "C"
| #endif
| char strstr ();
| /* The GNU C library defines this for functions which it implements
|     to always fail with ENOSYS.  Some functions are actually named
|     something starting with __ and the normal name is an alias.  */
| #if defined __stub_strstr || defined __stub___strstr
| choke me
| #endif
| 
| int
| main ()
| {
| return strstr ();
|   ;
|   return 0;
| }
configure:14606: result: no
configure:14626: checking for Borealis
configure:14636: result: yes
configure:14656: checking for Xerces-C
configure:14667: result: yes
configure:14675: checking whether -I/opt/borealis-tools/xercesc/include causes a compiler warning and should be cleared
configure:14697: g++ -c -g -Wall -Werror  -I/opt/borealis-tools/xercesc/include -Wall -Werror conftest.cpp >&5
configure:14697: $? = 0
configure:14707: result: no
configure:14718: checking so xercescinclude is now
configure:14720: result: -I/opt/borealis-tools/xercesc/include
configure:14736: checking for ANTLR
configure:14749: result: yes
configure:14771: checking for BDB
configure:14773: result: with_bdb = /opt/borealis-tools/db
configure:14809: result: no
configure:14811: result: /opt/borealis-tools/db/include/db_cxx.h or /opt/borealis-tools/db/lib/libdb_cxx.so or /opt/borealis-tools/db/lib/libdb.so does not exist.
configure:14813: result: No Berkeley-Db related stuff will be compiled.
configure:14849: checking for OCV
configure:14866: result: no
configure:14868: result: /usr/include/opencv/cv.h does not exist.
configure:14870: result: Array processing will not be compiled.
configure:14889: checking for GSL
configure:14900: result: yes (/opt/borealis-tools/gsl)
configure:14928: checking for NMSTL
configure:14939: result: /opt/borealis-tools/nmstl
configure:14947: checking whether -I/opt/borealis-tools/nmstl/include causes a compiler warning and should be cleared
configure:14968: g++ -c -g -Wall -Werror  -I/opt/borealis-tools/nmstl/include -Wall -Werror conftest.cpp >&5
configure:14968: $? = 0
configure:14978: result: no
configure:14989: checking so nmstlinclude is now:
configure:14991: result: -I/opt/borealis-tools/nmstl/include
configure:15000: checking whether to use -DNMSTL_PTR_TRACE
configure:15015: result: no
configure:15022: checking whether to use -DNMSTL_NO_MESSAGES
configure:15032: result: no
configure:15185: creating ./config.status

## ---------------------- ##
## Running config.status. ##
## ---------------------- ##

This file was extended by config.status, which was
generated by GNU Autoconf 2.67.  Invocation command line was

  CONFIG_FILES    = 
  CONFIG_HEADERS  = 
  CONFIG_LINKS    = 
  CONFIG_COMMANDS = 
  $ ./config.status 

on hellojinjie

config.status:1160: creating Makefile
config.status:1160: creating config.h
config.status:1388: executing depfiles commands
config.status:1388: executing libtool commands

## ---------------- ##
## Cache variables. ##
## ---------------- ##

ac_cv_build=i686-pc-linux-gnu
ac_cv_c_compiler_gnu=yes
ac_cv_c_const=yes
ac_cv_cxx_compiler_gnu=yes
ac_cv_env_CCC_set=
ac_cv_env_CCC_value=
ac_cv_env_CC_set=
ac_cv_env_CC_value=
ac_cv_env_CFLAGS_set=
ac_cv_env_CFLAGS_value=
ac_cv_env_CPPFLAGS_set=
ac_cv_env_CPPFLAGS_value=
ac_cv_env_CPP_set=
ac_cv_env_CPP_value=
ac_cv_env_CXXCPP_set=
ac_cv_env_CXXCPP_value=
ac_cv_env_CXXFLAGS_set=
ac_cv_env_CXXFLAGS_value=
ac_cv_env_CXX_set=
ac_cv_env_CXX_value=
ac_cv_env_LDFLAGS_set=
ac_cv_env_LDFLAGS_value=
ac_cv_env_LIBS_set=
ac_cv_env_LIBS_value=
ac_cv_env_build_alias_set=
ac_cv_env_build_alias_value=
ac_cv_env_host_alias_set=
ac_cv_env_host_alias_value=
ac_cv_env_target_alias_set=
ac_cv_env_target_alias_value=
ac_cv_func_strstr=no
ac_cv_header_dlfcn_h=yes
ac_cv_header_fcntl_h=yes
ac_cv_header_inttypes_h=yes
ac_cv_header_memory_h=yes
ac_cv_header_stdc=yes
ac_cv_header_stdint_h=yes
ac_cv_header_stdlib_h=yes
ac_cv_header_string_h=yes
ac_cv_header_strings_h=yes
ac_cv_header_sys_stat_h=yes
ac_cv_header_sys_types_h=yes
ac_cv_header_sys_wait_h=yes
ac_cv_header_unistd_h=yes
ac_cv_host=i686-pc-linux-gnu
ac_cv_objext=o
ac_cv_path_EGREP='/bin/grep -E'
ac_cv_path_FGREP='/bin/grep -F'
ac_cv_path_GREP=/bin/grep
ac_cv_path_SED=/bin/sed
ac_cv_path_install='/usr/bin/install -c'
ac_cv_path_mkdir=/bin/mkdir
ac_cv_prog_AWK=gawk
ac_cv_prog_CPP='gcc -E'
ac_cv_prog_CXXCPP='g++ -E'
ac_cv_prog_ac_ct_AR=ar
ac_cv_prog_ac_ct_CC=gcc
ac_cv_prog_ac_ct_CXX=g++
ac_cv_prog_ac_ct_OBJDUMP=objdump
ac_cv_prog_ac_ct_RANLIB=ranlib
ac_cv_prog_ac_ct_STRIP=strip
ac_cv_prog_cc_c89=
ac_cv_prog_cc_g=yes
ac_cv_prog_cxx_g=yes
ac_cv_prog_make_make_set=yes
am_cv_CC_dependencies_compiler_type=gcc3
am_cv_CXX_dependencies_compiler_type=gcc3
lt_cv_deplibs_check_method=pass_all
lt_cv_file_magic_cmd='$MAGIC_CMD'
lt_cv_file_magic_test_file=
lt_cv_ld_reload_flag=-r
lt_cv_nm_interface='BSD nm'
lt_cv_objdir=.libs
lt_cv_path_LD=/usr/bin/ld
lt_cv_path_LDCXX=/usr/bin/ld
lt_cv_path_NM='/usr/bin/nm -B'
lt_cv_prog_compiler_c_o=yes
lt_cv_prog_compiler_c_o_CXX=yes
lt_cv_prog_compiler_pic_works=yes
lt_cv_prog_compiler_pic_works_CXX=yes
lt_cv_prog_compiler_rtti_exceptions=no
lt_cv_prog_compiler_static_works=yes
lt_cv_prog_compiler_static_works_CXX=yes
lt_cv_prog_gnu_ld=yes
lt_cv_prog_gnu_ldcxx=yes
lt_cv_sys_global_symbol_pipe='sed -n -e '\''s/^.*[	 ]\([ABCDGIRSTW][ABCDGIRSTW]*\)[	 ][	 ]*\([_A-Za-z][_A-Za-z0-9]*\)$/\1 \2 \2/p'\'''
lt_cv_sys_global_symbol_to_c_name_address='sed -n -e '\''s/^: \([^ ]*\) $/  {\"\1\", (void *) 0},/p'\'' -e '\''s/^[ABCDGIRSTW]* \([^ ]*\) \([^ ]*\)$/  {"\2", (void *) \&\2},/p'\'''
lt_cv_sys_global_symbol_to_c_name_address_lib_prefix='sed -n -e '\''s/^: \([^ ]*\) $/  {\"\1\", (void *) 0},/p'\'' -e '\''s/^[ABCDGIRSTW]* \([^ ]*\) \(lib[^ ]*\)$/  {"\2", (void *) \&\2},/p'\'' -e '\''s/^[ABCDGIRSTW]* \([^ ]*\) \([^ ]*\)$/  {"lib\2", (void *) \&\2},/p'\'''
lt_cv_sys_global_symbol_to_cdecl='sed -n -e '\''s/^T .* \(.*\)$/extern int \1();/p'\'' -e '\''s/^[ABCDGIRSTW]* .* \(.*\)$/extern char \1;/p'\'''
lt_cv_sys_max_cmd_len=1572864

## ----------------- ##
## Output variables. ##
## ----------------- ##

ACLOCAL='${SHELL} /home/jj/Workspace/cpp/borealis-test/config/missing --run aclocal-1.11'
AMDEPBACKSLASH='\'
AMDEP_FALSE='#'
AMDEP_TRUE=''
AMTAR='${SHELL} /home/jj/Workspace/cpp/borealis-test/config/missing --run tar'
ANTLRINCLUDE='-I/opt/borealis-tools/antlr/include'
ANTLRLIB='/opt/borealis-tools/antlr/lib/libantlr.a '
ANTLR_JAR_FILE='/opt/borealis-tools/antlr/lib/antlr.jar'
AR='ar'
AUTOCONF='${SHELL} /home/jj/Workspace/cpp/borealis-test/config/missing --run autoconf'
AUTOHEADER='${SHELL} /home/jj/Workspace/cpp/borealis-test/config/missing --run autoheader'
AUTOMAKE='${SHELL} /home/jj/Workspace/cpp/borealis-test/config/missing --run automake-1.11'
AWK='gawk'
BDBDIR=''
BDBINCLUDE='-I/home/jj/Workspace/cpp/borealis-test/external/bdb/stub'
BDBLIB=''
BOREALISINCLUDE='-I/opt/borealis-tools/nmstl/include -I/opt/borealis-tools/xercesc/include -I/opt/borealis-tools/antlr/include'
BOREALISLIB='-L/opt/borealis-tools/nmstl/lib -lNMSTL -lexpat -lpthread -lreadline -lncurses -L/opt/borealis-tools/xercesc/lib -lxerces-c /opt/borealis-tools/antlr/lib/libantlr.a '
BOREALISROOT='/home/jj/Workspace/borealis_summer_2008/borealis/src'
CC='gcc'
CCDEPMODE='depmode=gcc3'
CFLAGS='-g -Wall -Werror'
COND_BDB_FALSE=''
COND_BDB_TRUE='#'
CPP='gcc -E'
CPPFLAGS=''
CXX='g++'
CXXCPP='g++ -E'
CXXDEPMODE='depmode=gcc3'
CXXFLAGS='-g -Wall -Werror'
CYGPATH_W='echo'
DEFS='-DHAVE_CONFIG_H'
DEPDIR='.deps'
DSYMUTIL=''
DUMPBIN=''
ECHO_C=''
ECHO_N='-n'
ECHO_T=''
EGREP='/bin/grep -E'
EXEEXT=''
EXTERNALINCLUDE='-I/home/jj/Workspace/cpp/borealis-test/external/bdb/stub -I/opt/borealis-tools/gsl/include   '
EXTERNALLIB='-L/opt/borealis-tools/gsl/lib -lgsl -lgslcblas  '
FGREP='/bin/grep -F'
GREP='/bin/grep'
GSLDIR='/opt/borealis-tools/gsl'
GSLINCLUDE='-I/opt/borealis-tools/gsl/include'
GSLLIB='-L/opt/borealis-tools/gsl/lib -lgsl -lgslcblas'
INSTALL_DATA='${INSTALL} -m 644'
INSTALL_PROGRAM='${INSTALL}'
INSTALL_SCRIPT='${INSTALL}'
INSTALL_STRIP_PROGRAM='$(install_sh) -c -s'
LD='/usr/bin/ld'
LDFLAGS=''
LIBOBJS=''
LIBS=''
LIBTOOL='$(SHELL) $(top_builddir)/libtool'
LIPO=''
LN_S='ln -s'
LTLIBOBJS=''
MAKEINFO='${SHELL} /home/jj/Workspace/cpp/borealis-test/config/missing --run makeinfo'
MKDIR_P='/bin/mkdir -p'
NM='/usr/bin/nm -B'
NMEDIT=''
NMSTLDIR='/opt/borealis-tools/nmstl'
NMSTLINCLUDE='-I/opt/borealis-tools/nmstl/include'
NMSTLLIB='-L/opt/borealis-tools/nmstl/lib -lNMSTL -lexpat -lpthread -lreadline -lncurses'
NMSTLSUBDIR=''
OBJDUMP='objdump'
OBJEXT='o'
OCVDIR=''
OCVINCLUDE=''
OCVLIB=''
OTOOL64=''
OTOOL=''
PACKAGE='test'
PACKAGE_BUGREPORT=''
PACKAGE_NAME=''
PACKAGE_STRING=''
PACKAGE_TARNAME=''
PACKAGE_URL=''
PACKAGE_VERSION=''
PATH_SEPARATOR=':'
RANLIB='ranlib'
SED='/bin/sed'
SET_MAKE=''
SHELL='/bin/bash'
STRIP='strip'
VERSION='0.1'
XERCESCINCLUDE='-I/opt/borealis-tools/xercesc/include'
XERCESCLIB='-L/opt/borealis-tools/xercesc/lib -lxerces-c'
ac_ct_CC='gcc'
ac_ct_CXX='g++'
ac_ct_DUMPBIN=''
am__EXEEXT_FALSE=''
am__EXEEXT_TRUE='#'
am__fastdepCC_FALSE='#'
am__fastdepCC_TRUE=''
am__fastdepCXX_FALSE='#'
am__fastdepCXX_TRUE=''
am__include='include'
am__isrc=''
am__leading_dot='.'
am__quote=''
am__tar='${AMTAR} chof - "$$tardir"'
am__untar='${AMTAR} xf -'
bindir='${exec_prefix}/bin'
build='i686-pc-linux-gnu'
build_alias=''
build_cpu='i686'
build_os='linux-gnu'
build_vendor='pc'
datadir='${datarootdir}'
datarootdir='${prefix}/share'
docdir='${datarootdir}/doc/${PACKAGE}'
dvidir='${docdir}'
exec_prefix='${prefix}'
host='i686-pc-linux-gnu'
host_alias=''
host_cpu='i686'
host_os='linux-gnu'
host_vendor='pc'
htmldir='${docdir}'
includedir='${prefix}/include'
infodir='${datarootdir}/info'
install_sh='${SHELL} /home/jj/Workspace/cpp/borealis-test/config/install-sh'
libdir='${exec_prefix}/lib'
libexecdir='${exec_prefix}/libexec'
localedir='${datarootdir}/locale'
localstatedir='${prefix}/var'
lt_ECHO='echo'
mandir='${datarootdir}/man'
mkdir_p='/bin/mkdir -p'
oldincludedir='/usr/include'
pdfdir='${docdir}'
prefix='/usr/local'
program_transform_name='s,x,x,'
psdir='${docdir}'
sbindir='${exec_prefix}/sbin'
sharedstatedir='${prefix}/com'
sysconfdir='${prefix}/etc'
target_alias=''

## ----------- ##
## confdefs.h. ##
## ----------- ##

/* confdefs.h */
#define PACKAGE_NAME ""
#define PACKAGE_TARNAME ""
#define PACKAGE_VERSION ""
#define PACKAGE_STRING ""
#define PACKAGE_BUGREPORT ""
#define PACKAGE_URL ""
#define PACKAGE "test"
#define VERSION "0.1"
#define STDC_HEADERS 1
#define HAVE_SYS_TYPES_H 1
#define HAVE_SYS_STAT_H 1
#define HAVE_STDLIB_H 1
#define HAVE_STRING_H 1
#define HAVE_MEMORY_H 1
#define HAVE_STRINGS_H 1
#define HAVE_INTTYPES_H 1
#define HAVE_STDINT_H 1
#define HAVE_UNISTD_H 1
#define HAVE_DLFCN_H 1
#define LT_OBJDIR ".libs/"
#define STDC_HEADERS 1
#define HAVE_SYS_WAIT_H 1
#define HAVE_FCNTL_H 1
#define HAVE_UNISTD_H 1

configure: exit 0

## ---------------------- ##
## Running config.status. ##
## ---------------------- ##

This file was extended by config.status, which was
generated by GNU Autoconf 2.67.  Invocation command line was

  CONFIG_FILES    = 
  CONFIG_HEADERS  = 
  CONFIG_LINKS    = 
  CONFIG_COMMANDS = 
  $ ./config.status config.h

on hellojinjie

config.status:1160: creating config.h
config.status:1340: config.h is unchanged
